<?xml version="1.0" encoding="UTF-8"?>
<testsuite xmlns:xsi="http://www.w3.org/2001/XMLSchema-instance" xsi:noNamespaceSchemaLocation="https://maven.apache.org/surefire/maven-surefire-plugin/xsd/surefire-test-report-3.0.xsd" version="3.0" name="com.studyplanner.StudyPlannerAppTest" time="0.734" tests="10" errors="1" skipped="0" failures="0">
  <properties>
[...]
</properties>
  <testcase name="dtPastDateShouldReject" classname="com.studyplanner.StudyPlannerAppTest" time="0.013"/>
  <testcase name="testAddTaskToDate" classname="com.studyplanner.StudyPlannerAppTest" time="0.0"/>
  <testcase name="dtValidInputsShouldAdd" classname="com.studyplanner.StudyPlannerAppTest" time="0.294">
    <system-err><![CDATA[SLF4J: Failed to load class "org.slf4j.impl.StaticLoggerBinder".
SLF4J: Defaulting to no-operation (NOP) logger implementation
SLF4J: See http://www.slf4j.org/codes.html#StaticLoggerBinder for further details.
]]></system-err>
  </testcase>
  <testcase name="dtInvalidPriorityShouldReject" classname="com.studyplanner.StudyPlannerAppTest" time="0.0"/>
  <testcase name="dtEmptyTitleShouldReject" classname="com.studyplanner.StudyPlannerAppTest" time="0.0"/>
  <testcase name="ucAddFilterAndCompleteTask" classname="com.studyplanner.StudyPlannerAppTest" time="0.122"/>
  <testcase name="testGetAllOngoingAndCompletedTasks" classname="com.studyplanner.StudyPlannerAppTest" time="0.0"/>
  <testcase name="testClockUpdates" classname="com.studyplanner.StudyPlannerAppTest" time="0.004">
    <error message="Unresolved compilation problems: &#10;	The method getClockText() is undefined for the type StudyPlannerApp&#10;	The method getClockText() is undefined for the type StudyPlannerApp&#10;	The method updateClock() from the type StudyPlannerApp is not visible&#10;	The method getClockText() is undefined for the type StudyPlannerApp&#10;" type="java.lang.Error"><![CDATA[java.lang.Error: 
Unresolved compilation problems: 
	The method getClockText() is undefined for the type StudyPlannerApp
	The method getClockText() is undefined for the type StudyPlannerApp
	The method updateClock() from the type StudyPlannerApp is not visible
	The method getClockText() is undefined for the type StudyPlannerApp

	at com.studyplanner.StudyPlannerAppTest.testClockUpdates(StudyPlannerAppTest.java:58)
	at java.base/jdk.internal.reflect.DirectMethodHandleAccessor.invoke(DirectMethodHandleAccessor.java:103)
	at java.base/java.lang.reflect.Method.invoke(Method.java:580)
	at org.junit.runners.model.FrameworkMethod$1.runReflectiveCall(FrameworkMethod.java:59)
	at org.junit.internal.runners.model.ReflectiveCallable.run(ReflectiveCallable.java:12)
	at org.junit.runners.model.FrameworkMethod.invokeExplosively(FrameworkMethod.java:56)
	at org.junit.internal.runners.statements.InvokeMethod.evaluate(InvokeMethod.java:17)
	at org.junit.internal.runners.statements.RunBefores.evaluate(RunBefores.java:26)
	at org.junit.runners.ParentRunner$3.evaluate(ParentRunner.java:306)
	at org.junit.runners.BlockJUnit4ClassRunner$1.evaluate(BlockJUnit4ClassRunner.java:100)
	at org.junit.runners.ParentRunner.runLeaf(ParentRunner.java:366)
	at org.junit.runners.BlockJUnit4ClassRunner.runChild(BlockJUnit4ClassRunner.java:103)
	at org.junit.runners.BlockJUnit4ClassRunner.runChild(BlockJUnit4ClassRunner.java:63)
	at org.junit.runners.ParentRunner$4.run(ParentRunner.java:331)
	at org.junit.runners.ParentRunner$1.schedule(ParentRunner.java:79)
	at org.junit.runners.ParentRunner.runChildren(ParentRunner.java:329)
	at org.junit.runners.ParentRunner.access$100(ParentRunner.java:66)
	at org.junit.runners.ParentRunner$2.evaluate(ParentRunner.java:293)
	at org.junit.runners.ParentRunner$3.evaluate(ParentRunner.java:306)
	at org.junit.runners.ParentRunner.run(ParentRunner.java:413)
	at org.apache.maven.surefire.junit4.JUnit4Provider.execute(JUnit4Provider.java:316)
	at org.apache.maven.surefire.junit4.JUnit4Provider.executeWithRerun(JUnit4Provider.java:240)
	at org.apache.maven.surefire.junit4.JUnit4Provider.executeTestSet(JUnit4Provider.java:214)
	at org.apache.maven.surefire.junit4.JUnit4Provider.invoke(JUnit4Provider.java:155)
	at org.apache.maven.surefire.booter.ForkedBooter.runSuitesInProcess(ForkedBooter.java:385)
	at org.apache.maven.surefire.booter.ForkedBooter.execute(ForkedBooter.java:162)
	at org.apache.maven.surefire.booter.ForkedBooter.run(ForkedBooter.java:507)
	at org.apache.maven.surefire.booter.ForkedBooter.main(ForkedBooter.java:495)
]]></error>
  </testcase>
  <testcase name="stCannotRevertCompletedToOngoing" classname="com.studyplanner.StudyPlannerAppTest" time="0.138"/>
  <testcase name="stMarkOngoingToCompleted" classname="com.studyplanner.StudyPlannerAppTest" time="0.124"/>
</testsuite>